Arguments: 
  C:\Program Files\nodejs\node.exe C:\Users\vikto\AppData\Roaming\npm\node_modules\yarn\bin\yarn.js -v

PATH: 
  C:\Program Files\Git\mingw64\bin;C:\Program Files\Git\usr\bin;C:\Users\vikto\bin;C:\ProgramData\Oracle\Java\javapath;C:\Windows\system32;C:\Windows;C:\Windows\System32\Wbem;C:\Windows\System32\WindowsPowerShell\v1.0;C:\Users\vikto\.dnx\bin;C:\Program Files\Microsoft DNX\Dnvm;C:\Program Files\Microsoft SQL Server\120\Tools\Binn;C:\Program Files\Common Files\Autodesk Shared;C:\Program Files\Microsoft\Web Platform Installer;C:\Program Files (x86)\Microsoft SDKs\Azure\CLI\wbin;C:\Program Files\Git\cmd;C:\Program Files\Microsoft SQL Server\130\Tools\Binn;C:\Program Files\dotnet;C:\Program Files\Microsoft Service Fabric\bin\Fabric\Fabric.Code;C:\Program Files\Microsoft SDKs\Service Fabric\Tools\ServiceFabricLocalClusterManager;C:\Program Files (x86)\GtkSharp\2.12\bin;C:\Go\bin;C:\Program Files (x86)\NVIDIA Corporation\PhysX\Common;C:\Program Files (x86)\Skype\Phone;C:\Program Files (x86)\Brackets\command;C:\Program Files\nodejs;C:\Users\vikto\AppData\Local\Programs\Python\Python35-32\Scripts;C:\Users\vikto\AppData\Local\Programs\Python\Python35-32;C:\Ruby23-x64\bin;C:\Users\vikto\AppData\Local\atom\bin;C:\Program Files\Mercurial;C:\Program Files (x86)\Microsoft VS Code\bin;G:\Golang\goworkspace\bin;C:\Users\vikto\AppData\Roaming\npm

Yarn version: 
  0.23.4

Node version: 
  8.6.0

Platform: 
  win32 x64

npm manifest: 
  {
    "name": "travel-site",
    "version": "1.0.0",
    "dependencies": {
      "jquery": "^2.2.4",
      "jquery-smooth-scroll": "^2.0.0",
      "lazysizes": "^2.0.0",
      "normalize.css": "^4.1.1",
      "picturefill": "^3.0.2",
      "waypoints": "^4.0.0"
    },
    "devDependencies": {
      "autoprefixer": "^6.3.6",
      "babel-core": "^6.10.4",
      "babel-loader": "^6.2.4",
      "babel-preset-es2015": "^6.9.0",
      "browser-sync": "^2.12.8",
      "del": "^2.2.1",
      "gulp": "^3.9.1",
      "gulp-cssnano": "^2.1.2",
      "gulp-imagemin": "^3.0.3",
      "gulp-modernizr": "^1.0.0-alpha",
      "gulp-postcss": "^6.1.1",
      "gulp-rename": "^1.2.2",
      "gulp-rev": "^7.1.2",
      "gulp-svg-sprite": "^1.3.1",
      "gulp-svg2png": "^0.3.0",
      "gulp-uglify": "^2.0.0",
      "gulp-usemin": "^0.3.23",
      "gulp-watch": "^4.3.5",
      "postcss-hexrgba": "^0.2.0",
      "postcss-import": "^8.1.2",
      "postcss-mixins": "^4.0.2",
      "postcss-nested": "^1.0.0",
      "postcss-simple-vars": "^1.2.0",
      "webpack": "^1.13.1"
    }
  }

yarn manifest: 
  No manifest

Lockfile: 
  No lockfile

Trace: 
  Error: getaddrinfo ENOTFOUND registry.yarnpkg.com registry.yarnpkg.com:443
      at errnoException (dns.js:53:10)
      at GetAddrInfoReqWrap.onlookup [as oncomplete] (dns.js:95:26)
